Build started 2013-02-28 13:20:24.
     1>Project "C:\Users\Aldor\Dropbox\moje_programy\studia\semestr6\PUS\Lab2\Klientip4\Klientip4.vcxproj" on node 2 (build target(s)).
     1>InitializeBuildStatus:
         Creating "Debug\Klientip6.unsuccessfulbuild" because "AlwaysCreate" was specified.
       ClCompile:
         C:\Program Files (x86)\Microsoft Visual Studio 10.0\VC\bin\CL.exe /c /ZI /nologo /W3 /WX- /Od /Oy- /D _MBCS /Gm /EHsc /RTC1 /MDd /GS /fp:precise /Zc:wchar_t /Zc:forScope /Fo"Debug\\" /Fd"Debug\vc100.pdb" /Gd /TP /analyze- /errorReport:prompt klientip6.cpp
         klientip6.cpp
     1>c:\users\aldor\dropbox\moje_programy\studia\semestr6\pus\lab2\klientip4\klientip6.cpp(57): warning C4101: 'server' : unreferenced local variable
     1>c:\users\aldor\dropbox\moje_programy\studia\semestr6\pus\lab2\klientip4\klientip6.cpp(50): warning C4101: 'their_addr' : unreferenced local variable
     1>c:\users\aldor\dropbox\moje_programy\studia\semestr6\pus\lab2\klientip4\klientip6.cpp(49): warning C4101: 'my_addr' : unreferenced local variable
     1>c:\users\aldor\dropbox\moje_programy\studia\semestr6\pus\lab2\klientip4\klientip6.cpp(67): warning C4101: 'sockaddr_ptr' : unreferenced local variable
     1>c:\users\aldor\dropbox\moje_programy\studia\semestr6\pus\lab2\klientip4\klientip6.cpp(51): warning C4101: 'sin_size' : unreferenced local variable
     1>c:\users\aldor\dropbox\moje_programy\studia\semestr6\pus\lab2\klientip4\klientip6.cpp(48): warning C4101: 'new_fd' : unreferenced local variable
     1>c:\users\aldor\dropbox\moje_programy\studia\semestr6\pus\lab2\klientip4\klientip6.cpp(56): warning C4101: 'he' : unreferenced local variable
       Link:
         C:\Program Files (x86)\Microsoft Visual Studio 10.0\VC\bin\link.exe /ERRORREPORT:PROMPT /OUT:"C:\Users\Aldor\Dropbox\moje_programy\studia\semestr6\PUS\Lab2\Debug\Klientip6.exe" /NOLOGO kernel32.lib user32.lib gdi32.lib winspool.lib comdlg32.lib advapi32.lib shell32.lib ole32.lib oleaut32.lib uuid.lib odbc32.lib odbccp32.lib /MANIFEST /ManifestFile:"Debug\Klientip6.exe.intermediate.manifest" /MANIFESTUAC:"level='asInvoker' uiAccess='false'" /DEBUG /PDB:"C:\Users\Aldor\Dropbox\moje_programy\studia\semestr6\PUS\Lab2\Debug\Klientip6.pdb" /TLBID:1 /DYNAMICBASE /NXCOMPAT /IMPLIB:"C:\Users\Aldor\Dropbox\moje_programy\studia\semestr6\PUS\Lab2\Debug\Klientip6.lib" /MACHINE:X86 Debug\klientip6.obj
         LINK : C:\Users\Aldor\Dropbox\moje_programy\studia\semestr6\PUS\Lab2\Debug\Klientip6.exe not found or not built by the last incremental link; performing full link
         Klientip4.vcxproj -> C:\Users\Aldor\Dropbox\moje_programy\studia\semestr6\PUS\Lab2\Debug\Klientip6.exe
       Manifest:
         C:\Program Files (x86)\Microsoft SDKs\Windows\v7.0A\bin\mt.exe /nologo /verbose /outputresource:"C:\Users\Aldor\Dropbox\moje_programy\studia\semestr6\PUS\Lab2\Debug\Klientip6.exe;#1" /manifest Debug\Klientip6.exe.intermediate.manifest
       FinalizeBuildStatus:
         Deleting file "Debug\Klientip6.unsuccessfulbuild".
         Touching "Debug\Klientip6.lastbuildstate".
     1>Done Building Project "C:\Users\Aldor\Dropbox\moje_programy\studia\semestr6\PUS\Lab2\Klientip4\Klientip4.vcxproj" (build target(s)).

Build succeeded.

Time Elapsed 00:00:02.46
