C:\USERS\ALDOR\DROPBOX\MOJE_PROGRAMY\STUDIA\SEMESTR6\PUS\LAB2\DEBUG\SERWERIP6.EXE
C:\USERS\ALDOR\DROPBOX\MOJE_PROGRAMY\STUDIA\SEMESTR6\PUS\LAB2\DEBUG\SERWERIP6.ILK
C:\USERS\ALDOR\DROPBOX\MOJE_PROGRAMY\STUDIA\SEMESTR6\PUS\LAB2\DEBUG\SERWERIP6.PDB
C:\Users\Aldor\Dropbox\moje_programy\studia\semestr6\PUS\Lab2\Serwerip6\Debug\cl.command.1.tlog
C:\Users\Aldor\Dropbox\moje_programy\studia\semestr6\PUS\Lab2\Serwerip6\Debug\CL.read.1.tlog
C:\Users\Aldor\Dropbox\moje_programy\studia\semestr6\PUS\Lab2\Serwerip6\Debug\CL.write.1.tlog
C:\Users\Aldor\Dropbox\moje_programy\studia\semestr6\PUS\Lab2\Serwerip6\Debug\link.command.1.tlog
C:\Users\Aldor\Dropbox\moje_programy\studia\semestr6\PUS\Lab2\Serwerip6\Debug\link.read.1.tlog
C:\Users\Aldor\Dropbox\moje_programy\studia\semestr6\PUS\Lab2\Serwerip6\Debug\link.write.1.tlog
C:\Users\Aldor\Dropbox\moje_programy\studia\semestr6\PUS\Lab2\Serwerip6\Debug\mt.command.1.tlog
C:\Users\Aldor\Dropbox\moje_programy\studia\semestr6\PUS\Lab2\Serwerip6\Debug\mt.read.1.tlog
C:\Users\Aldor\Dropbox\moje_programy\studia\semestr6\PUS\Lab2\Serwerip6\Debug\mt.write.1.tlog
C:\USERS\ALDOR\DROPBOX\MOJE_PROGRAMY\STUDIA\SEMESTR6\PUS\LAB2\SERWERIP6\DEBUG\SERWERIP6.EXE.INTERMEDIATE.MANIFEST
C:\USERS\ALDOR\DROPBOX\MOJE_PROGRAMY\STUDIA\SEMESTR6\PUS\LAB2\SERWERIP6\DEBUG\SERWERIP6.OBJ
C:\Users\Aldor\Dropbox\moje_programy\studia\semestr6\PUS\Lab2\Serwerip6\Debug\vc100.idb
C:\USERS\ALDOR\DROPBOX\MOJE_PROGRAMY\STUDIA\SEMESTR6\PUS\LAB2\SERWERIP6\DEBUG\VC100.PDB
C:\USERS\MARCIN\DROPBOX\MOJE_PROGRAMY\STUDIA\SEMESTR6\PUS\LAB2\DEBUG\SERWERIP6.EXE
C:\USERS\MARCIN\DROPBOX\MOJE_PROGRAMY\STUDIA\SEMESTR6\PUS\LAB2\DEBUG\SERWERIP6.ILK
C:\USERS\MARCIN\DROPBOX\MOJE_PROGRAMY\STUDIA\SEMESTR6\PUS\LAB2\DEBUG\SERWERIP6.PDB
C:\USERS\MARCIN\DROPBOX\MOJE_PROGRAMY\STUDIA\SEMESTR6\PUS\LAB2\SERWERIP6\DEBUG\SERWERIP6.EXE.INTERMEDIATE.MANIFEST
C:\USERS\MARCIN\DROPBOX\MOJE_PROGRAMY\STUDIA\SEMESTR6\PUS\LAB2\SERWERIP6\DEBUG\SERWERIP6.OBJ
C:\USERS\MARCIN\DROPBOX\MOJE_PROGRAMY\STUDIA\SEMESTR6\PUS\LAB2\SERWERIP6\DEBUG\VC100.PDB
