C:\USERS\ALDOR\DROPBOX\MOJE_PROGRAMY\STUDIA\SEMESTR6\PUS\LAB2\DEBUG\SERWER.EXE
C:\USERS\ALDOR\DROPBOX\MOJE_PROGRAMY\STUDIA\SEMESTR6\PUS\LAB2\DEBUG\SERWER.ILK
C:\USERS\ALDOR\DROPBOX\MOJE_PROGRAMY\STUDIA\SEMESTR6\PUS\LAB2\DEBUG\SERWER.PDB
C:\USERS\ALDOR\DROPBOX\MOJE_PROGRAMY\STUDIA\SEMESTR6\PUS\LAB2\SERWER\DEBUG\MAIN.OBJ
C:\USERS\ALDOR\DROPBOX\MOJE_PROGRAMY\STUDIA\SEMESTR6\PUS\LAB2\SERWER\DEBUG\SERWER.EXE.INTERMEDIATE.MANIFEST
C:\USERS\ALDOR\DROPBOX\MOJE_PROGRAMY\STUDIA\SEMESTR6\PUS\LAB2\SERWER\DEBUG\VC100.PDB
C:\Users\Marcin\Dropbox\moje_programy\studia\semestr6\PUS\Lab2\Debug\Serwer.exe
C:\Users\Marcin\Dropbox\moje_programy\studia\semestr6\PUS\Lab2\Debug\Serwer.pdb
C:\Users\Marcin\Dropbox\moje_programy\studia\semestr6\PUS\Lab2\Serwer\Debug\cl.command.1.tlog
C:\Users\Marcin\Dropbox\moje_programy\studia\semestr6\PUS\Lab2\Serwer\Debug\CL.read.1.tlog
C:\Users\Marcin\Dropbox\moje_programy\studia\semestr6\PUS\Lab2\Serwer\Debug\CL.write.1.tlog
C:\Users\Marcin\Dropbox\moje_programy\studia\semestr6\PUS\Lab2\Serwer\Debug\link.command.1.tlog
C:\Users\Marcin\Dropbox\moje_programy\studia\semestr6\PUS\Lab2\Serwer\Debug\link.read.1.tlog
C:\Users\Marcin\Dropbox\moje_programy\studia\semestr6\PUS\Lab2\Serwer\Debug\link.write.1.tlog
C:\USERS\MARCIN\DROPBOX\MOJE_PROGRAMY\STUDIA\SEMESTR6\PUS\LAB2\SERWER\DEBUG\MAIN.OBJ
C:\Users\Marcin\Dropbox\moje_programy\studia\semestr6\PUS\Lab2\Serwer\Debug\mt.command.1.tlog
C:\Users\Marcin\Dropbox\moje_programy\studia\semestr6\PUS\Lab2\Serwer\Debug\mt.read.1.tlog
C:\Users\Marcin\Dropbox\moje_programy\studia\semestr6\PUS\Lab2\Serwer\Debug\mt.write.1.tlog
C:\Users\Marcin\Dropbox\moje_programy\studia\semestr6\PUS\Lab2\Serwer\Debug\Serwer.exe.intermediate.manifest
C:\Users\Marcin\Dropbox\moje_programy\studia\semestr6\PUS\Lab2\Serwer\Debug\vc100.idb
C:\USERS\MARCIN\DROPBOX\MOJE_PROGRAMY\STUDIA\SEMESTR6\PUS\LAB2\SERWER\DEBUG\VC100.PDB
